2024-10-31 15:12:09.673 +01:00 [INF] User profile is available. Using 'C:\Users\karia\AppData\Local\ASP.NET\DataProtection-Keys' as key repository and Windows DPAPI to encrypt keys at rest.
2024-10-31 15:12:09.864 +01:00 [INF] Now listening on: https://localhost:7022
2024-10-31 15:12:09.867 +01:00 [INF] Now listening on: http://localhost:5057
2024-10-31 15:12:09.877 +01:00 [INF] Application started. Press Ctrl+C to shut down.
2024-10-31 15:12:09.881 +01:00 [INF] Hosting environment: Development
2024-10-31 15:12:09.885 +01:00 [INF] Content root path: C:\Users\karia\ITPE3200\ShopMVC\MyShop\MyShop
2024-10-31 15:12:10.127 +01:00 [INF] Request starting HTTP/1.1 GET http://localhost:5057/ - null null
2024-10-31 15:12:10.185 +01:00 [INF] Executing endpoint 'MyShop.Controllers.HomeController.Index (MyShop)'
2024-10-31 15:12:10.197 +01:00 [INF] Route matched with {action = "Index", controller = "Home", page = "", area = ""}. Executing controller action with signature Microsoft.AspNetCore.Mvc.IActionResult Index() on controller MyShop.Controllers.HomeController (MyShop).
2024-10-31 15:12:10.204 +01:00 [INF] Executing ViewResult, running view Index.
2024-10-31 15:12:10.253 +01:00 [INF] Executed ViewResult - view Index executed in 50.0705ms.
2024-10-31 15:12:10.255 +01:00 [INF] Executed action MyShop.Controllers.HomeController.Index (MyShop) in 57.2807ms
2024-10-31 15:12:10.255 +01:00 [INF] Executed endpoint 'MyShop.Controllers.HomeController.Index (MyShop)'
2024-10-31 15:12:10.260 +01:00 [INF] Request finished HTTP/1.1 GET http://localhost:5057/ - 200 null text/html; charset=utf-8 134.2283ms
2024-10-31 15:12:10.271 +01:00 [INF] Request starting HTTP/1.1 GET http://localhost:5057/js/jquery.min.js - null null
2024-10-31 15:12:10.313 +01:00 [INF] Request finished HTTP/1.1 GET http://localhost:5057/js/jquery.min.js - 404 0 null 41.898ms
2024-10-31 15:12:10.314 +01:00 [INF] Request reached the end of the middleware pipeline without being handled by application code. Request path: GET http://localhost:5057/js/jquery.min.js, Response status code: 404
2024-10-31 15:12:12.925 +01:00 [INF] Request starting HTTP/1.1 GET http://localhost:5057/Item/Table - null null
2024-10-31 15:12:12.940 +01:00 [INF] Executing endpoint 'MyShop.Controllers.ItemController.Table (MyShop)'
2024-10-31 15:12:12.944 +01:00 [INF] Route matched with {action = "Table", controller = "Item", page = "", area = ""}. Executing controller action with signature System.Threading.Tasks.Task`1[Microsoft.AspNetCore.Mvc.IActionResult] Table() on controller MyShop.Controllers.ItemController (MyShop).
2024-10-31 15:12:12.987 +01:00 [INF] Executing ViewResult, running view Table.
2024-10-31 15:12:13.002 +01:00 [INF] Executed ViewResult - view Table executed in 15.838ms.
2024-10-31 15:12:13.002 +01:00 [INF] Executed action MyShop.Controllers.ItemController.Table (MyShop) in 58.2448ms
2024-10-31 15:12:13.003 +01:00 [INF] Executed endpoint 'MyShop.Controllers.ItemController.Table (MyShop)'
2024-10-31 15:12:13.004 +01:00 [INF] Request finished HTTP/1.1 GET http://localhost:5057/Item/Table - 200 null text/html; charset=utf-8 78.1665ms
2024-10-31 15:12:13.081 +01:00 [INF] Request starting HTTP/1.1 GET http://localhost:5057/js/jquery.min.js - null null
2024-10-31 15:12:13.081 +01:00 [INF] Request starting HTTP/1.1 GET http://localhost:5057/images/chickenleg.jpg - null null
2024-10-31 15:12:13.082 +01:00 [INF] Request starting HTTP/1.1 GET http://localhost:5057/images/frenchfries.jpg - null null
2024-10-31 15:12:13.089 +01:00 [INF] Request finished HTTP/1.1 GET http://localhost:5057/js/jquery.min.js - 404 0 null 8.1568ms
2024-10-31 15:12:13.089 +01:00 [INF] Request reached the end of the middleware pipeline without being handled by application code. Request path: GET http://localhost:5057/js/jquery.min.js, Response status code: 404
2024-10-31 15:12:13.091 +01:00 [INF] The file /images/frenchfries.jpg was not modified
2024-10-31 15:12:13.091 +01:00 [INF] The file /images/chickenleg.jpg was not modified
2024-10-31 15:12:13.092 +01:00 [INF] Request finished HTTP/1.1 GET http://localhost:5057/images/frenchfries.jpg - 304 null image/jpeg 9.4902ms
2024-10-31 15:12:13.092 +01:00 [INF] Request finished HTTP/1.1 GET http://localhost:5057/images/chickenleg.jpg - 304 null image/jpeg 11.2211ms
2024-10-31 15:12:13.096 +01:00 [INF] Request starting HTTP/1.1 GET http://localhost:5057/images/ribs.jpg - null null
2024-10-31 15:12:13.096 +01:00 [INF] Request starting HTTP/1.1 GET http://localhost:5057/images/coke.jpg - null null
2024-10-31 15:12:13.096 +01:00 [INF] The file /images/ribs.jpg was not modified
2024-10-31 15:12:13.096 +01:00 [INF] Request finished HTTP/1.1 GET http://localhost:5057/images/ribs.jpg - 304 null image/jpeg 0.404ms
2024-10-31 15:12:13.096 +01:00 [INF] Request starting HTTP/1.1 GET http://localhost:5057/images/cider.jpg - null null
2024-10-31 15:12:13.096 +01:00 [INF] The file /images/cider.jpg was not modified
2024-10-31 15:12:13.096 +01:00 [INF] The file /images/coke.jpg was not modified
2024-10-31 15:12:13.096 +01:00 [INF] Request finished HTTP/1.1 GET http://localhost:5057/images/cider.jpg - 304 null image/jpeg 0.4743ms
2024-10-31 15:12:13.097 +01:00 [INF] Request finished HTTP/1.1 GET http://localhost:5057/images/coke.jpg - 304 null image/jpeg 0.6272ms
2024-10-31 15:12:15.427 +01:00 [INF] Request starting HTTP/1.1 GET http://localhost:5057/Item/Delete/7 - null null
2024-10-31 15:12:15.434 +01:00 [INF] Executing endpoint 'MyShop.Controllers.ItemController.Delete (MyShop)'
2024-10-31 15:12:15.439 +01:00 [INF] Route matched with {action = "Delete", controller = "Item", page = "", area = ""}. Executing controller action with signature System.Threading.Tasks.Task`1[Microsoft.AspNetCore.Mvc.IActionResult] Delete(Int32) on controller MyShop.Controllers.ItemController (MyShop).
2024-10-31 15:12:15.459 +01:00 [INF] Executing ViewResult, running view Delete.
2024-10-31 15:12:15.463 +01:00 [INF] Executed ViewResult - view Delete executed in 4.8569ms.
2024-10-31 15:12:15.463 +01:00 [INF] Executed action MyShop.Controllers.ItemController.Delete (MyShop) in 24.0147ms
2024-10-31 15:12:15.463 +01:00 [INF] Executed endpoint 'MyShop.Controllers.ItemController.Delete (MyShop)'
2024-10-31 15:12:15.463 +01:00 [INF] Request finished HTTP/1.1 GET http://localhost:5057/Item/Delete/7 - 200 null text/html; charset=utf-8 36.1504ms
2024-10-31 15:12:15.478 +01:00 [INF] Request starting HTTP/1.1 GET http://localhost:5057/js/jquery.min.js - null null
2024-10-31 15:12:15.484 +01:00 [INF] Request finished HTTP/1.1 GET http://localhost:5057/js/jquery.min.js - 404 0 null 5.3571ms
2024-10-31 15:12:15.484 +01:00 [INF] Request reached the end of the middleware pipeline without being handled by application code. Request path: GET http://localhost:5057/js/jquery.min.js, Response status code: 404
2024-10-31 15:12:22.667 +01:00 [INF] Request starting HTTP/1.1 POST http://localhost:5057/Identity/Account/Logout?returnUrl=%2F - application/x-www-form-urlencoded 225
2024-10-31 15:12:22.681 +01:00 [INF] Executing endpoint '/Account/Logout'
2024-10-31 15:12:22.687 +01:00 [INF] Route matched with {page = "/Account/Logout", area = "Identity", action = "", controller = ""}. Executing page /Account/Logout
2024-10-31 15:12:22.703 +01:00 [INF] Executing handler method MyShop.Areas.Identity.Pages.Account.LogoutModel.OnPost - ModelState is "Valid"
2024-10-31 15:12:22.709 +01:00 [INF] AuthenticationScheme: Identity.Application signed out.
2024-10-31 15:12:22.710 +01:00 [INF] AuthenticationScheme: Identity.External signed out.
2024-10-31 15:12:22.710 +01:00 [INF] AuthenticationScheme: Identity.TwoFactorUserId signed out.
2024-10-31 15:12:22.713 +01:00 [INF] User logged out.
2024-10-31 15:12:22.714 +01:00 [INF] Executed handler method OnPost, returned result Microsoft.AspNetCore.Mvc.LocalRedirectResult.
2024-10-31 15:12:22.715 +01:00 [INF] Executing LocalRedirectResult, redirecting to /.
2024-10-31 15:12:22.715 +01:00 [INF] Executed page /Account/Logout in 27.7146ms
2024-10-31 15:12:22.715 +01:00 [INF] Executed endpoint '/Account/Logout'
2024-10-31 15:12:22.716 +01:00 [INF] Request finished HTTP/1.1 POST http://localhost:5057/Identity/Account/Logout?returnUrl=%2F - 302 0 null 48.2707ms
2024-10-31 15:12:22.720 +01:00 [INF] Request starting HTTP/1.1 GET http://localhost:5057/ - null null
2024-10-31 15:12:22.720 +01:00 [INF] Executing endpoint 'MyShop.Controllers.HomeController.Index (MyShop)'
2024-10-31 15:12:22.720 +01:00 [INF] Route matched with {action = "Index", controller = "Home", page = "", area = ""}. Executing controller action with signature Microsoft.AspNetCore.Mvc.IActionResult Index() on controller MyShop.Controllers.HomeController (MyShop).
2024-10-31 15:12:22.720 +01:00 [INF] Executing ViewResult, running view Index.
2024-10-31 15:12:22.730 +01:00 [INF] Executed ViewResult - view Index executed in 10.0863ms.
2024-10-31 15:12:22.731 +01:00 [INF] Executed action MyShop.Controllers.HomeController.Index (MyShop) in 10.5767ms
2024-10-31 15:12:22.731 +01:00 [INF] Executed endpoint 'MyShop.Controllers.HomeController.Index (MyShop)'
2024-10-31 15:12:22.731 +01:00 [INF] Request finished HTTP/1.1 GET http://localhost:5057/ - 200 null text/html; charset=utf-8 11.5991ms
2024-10-31 15:12:22.760 +01:00 [INF] Request starting HTTP/1.1 GET http://localhost:5057/js/jquery.min.js - null null
2024-10-31 15:12:22.761 +01:00 [INF] Request finished HTTP/1.1 GET http://localhost:5057/js/jquery.min.js - 404 0 null 0.6084ms
2024-10-31 15:12:22.761 +01:00 [INF] Request reached the end of the middleware pipeline without being handled by application code. Request path: GET http://localhost:5057/js/jquery.min.js, Response status code: 404
2024-10-31 15:12:25.298 +01:00 [INF] Request starting HTTP/1.1 GET http://localhost:5057/Item/Table - null null
2024-10-31 15:12:25.299 +01:00 [INF] Executing endpoint 'MyShop.Controllers.ItemController.Table (MyShop)'
2024-10-31 15:12:25.299 +01:00 [INF] Route matched with {action = "Table", controller = "Item", page = "", area = ""}. Executing controller action with signature System.Threading.Tasks.Task`1[Microsoft.AspNetCore.Mvc.IActionResult] Table() on controller MyShop.Controllers.ItemController (MyShop).
2024-10-31 15:12:25.308 +01:00 [INF] Executing ViewResult, running view Table.
2024-10-31 15:12:25.310 +01:00 [INF] Executed ViewResult - view Table executed in 2.1347ms.
2024-10-31 15:12:25.310 +01:00 [INF] Executed action MyShop.Controllers.ItemController.Table (MyShop) in 11.0992ms
2024-10-31 15:12:25.310 +01:00 [INF] Executed endpoint 'MyShop.Controllers.ItemController.Table (MyShop)'
2024-10-31 15:12:25.311 +01:00 [INF] Request finished HTTP/1.1 GET http://localhost:5057/Item/Table - 200 null text/html; charset=utf-8 12.0693ms
2024-10-31 15:12:25.335 +01:00 [INF] Request starting HTTP/1.1 GET http://localhost:5057/js/jquery.min.js - null null
2024-10-31 15:12:25.335 +01:00 [INF] Request finished HTTP/1.1 GET http://localhost:5057/js/jquery.min.js - 404 0 null 0.5005ms
2024-10-31 15:12:25.336 +01:00 [INF] Request reached the end of the middleware pipeline without being handled by application code. Request path: GET http://localhost:5057/js/jquery.min.js, Response status code: 404
2024-10-31 15:12:26.678 +01:00 [INF] Request starting HTTP/1.1 GET http://localhost:5057/Item/Delete/2 - null null
2024-10-31 15:12:26.678 +01:00 [INF] Executing endpoint 'MyShop.Controllers.ItemController.Delete (MyShop)'
2024-10-31 15:12:26.678 +01:00 [INF] Route matched with {action = "Delete", controller = "Item", page = "", area = ""}. Executing controller action with signature System.Threading.Tasks.Task`1[Microsoft.AspNetCore.Mvc.IActionResult] Delete(Int32) on controller MyShop.Controllers.ItemController (MyShop).
2024-10-31 15:12:26.687 +01:00 [INF] Executing ViewResult, running view Delete.
2024-10-31 15:12:26.688 +01:00 [INF] Executed ViewResult - view Delete executed in 1.3057ms.
2024-10-31 15:12:26.688 +01:00 [INF] Executed action MyShop.Controllers.ItemController.Delete (MyShop) in 9.7558ms
2024-10-31 15:12:26.688 +01:00 [INF] Executed endpoint 'MyShop.Controllers.ItemController.Delete (MyShop)'
2024-10-31 15:12:26.688 +01:00 [INF] Request finished HTTP/1.1 GET http://localhost:5057/Item/Delete/2 - 200 null text/html; charset=utf-8 10.5173ms
2024-10-31 15:12:26.718 +01:00 [INF] Request starting HTTP/1.1 GET http://localhost:5057/js/jquery.min.js - null null
2024-10-31 15:12:26.718 +01:00 [INF] Request finished HTTP/1.1 GET http://localhost:5057/js/jquery.min.js - 404 0 null 0.4994ms
2024-10-31 15:12:26.718 +01:00 [INF] Request reached the end of the middleware pipeline without being handled by application code. Request path: GET http://localhost:5057/js/jquery.min.js, Response status code: 404
2024-10-31 15:12:28.786 +01:00 [INF] Request starting HTTP/1.1 POST http://localhost:5057/Item/DeleteConfirmed/2 - application/x-www-form-urlencoded 182
2024-10-31 15:12:28.786 +01:00 [INF] Executing endpoint 'MyShop.Controllers.ItemController.DeleteConfirmed (MyShop)'
2024-10-31 15:12:28.789 +01:00 [INF] Route matched with {action = "DeleteConfirmed", controller = "Item", page = "", area = ""}. Executing controller action with signature System.Threading.Tasks.Task`1[Microsoft.AspNetCore.Mvc.IActionResult] DeleteConfirmed(Int32) on controller MyShop.Controllers.ItemController (MyShop).
2024-10-31 15:12:28.817 +01:00 [INF] Executing RedirectResult, redirecting to /Item/Table.
2024-10-31 15:12:28.817 +01:00 [INF] Executed action MyShop.Controllers.ItemController.DeleteConfirmed (MyShop) in 28.3286ms
2024-10-31 15:12:28.817 +01:00 [INF] Executed endpoint 'MyShop.Controllers.ItemController.DeleteConfirmed (MyShop)'
2024-10-31 15:12:28.818 +01:00 [INF] Request finished HTTP/1.1 POST http://localhost:5057/Item/DeleteConfirmed/2 - 302 0 null 31.8831ms
2024-10-31 15:12:28.822 +01:00 [INF] Request starting HTTP/1.1 GET http://localhost:5057/Item/Table - null null
2024-10-31 15:12:28.822 +01:00 [INF] Executing endpoint 'MyShop.Controllers.ItemController.Table (MyShop)'
2024-10-31 15:12:28.822 +01:00 [INF] Route matched with {action = "Table", controller = "Item", page = "", area = ""}. Executing controller action with signature System.Threading.Tasks.Task`1[Microsoft.AspNetCore.Mvc.IActionResult] Table() on controller MyShop.Controllers.ItemController (MyShop).
2024-10-31 15:12:28.829 +01:00 [INF] Executing ViewResult, running view Table.
2024-10-31 15:12:28.831 +01:00 [INF] Executed ViewResult - view Table executed in 1.9228ms.
2024-10-31 15:12:28.831 +01:00 [INF] Executed action MyShop.Controllers.ItemController.Table (MyShop) in 9.1397ms
2024-10-31 15:12:28.831 +01:00 [INF] Executed endpoint 'MyShop.Controllers.ItemController.Table (MyShop)'
2024-10-31 15:12:28.832 +01:00 [INF] Request finished HTTP/1.1 GET http://localhost:5057/Item/Table - 200 null text/html; charset=utf-8 9.8405ms
2024-10-31 15:12:28.857 +01:00 [INF] Request starting HTTP/1.1 GET http://localhost:5057/js/jquery.min.js - null null
2024-10-31 15:12:28.858 +01:00 [INF] Request finished HTTP/1.1 GET http://localhost:5057/js/jquery.min.js - 404 0 null 1.0384ms
2024-10-31 15:12:28.858 +01:00 [INF] Request reached the end of the middleware pipeline without being handled by application code. Request path: GET http://localhost:5057/js/jquery.min.js, Response status code: 404
