2024-11-03 22:44:39.897 +01:00 [INF] User profile is available. Using 'C:\Users\karia\AppData\Local\ASP.NET\DataProtection-Keys' as key repository and Windows DPAPI to encrypt keys at rest.
2024-11-03 22:44:40.076 +01:00 [INF] Now listening on: https://localhost:7022
2024-11-03 22:44:40.078 +01:00 [INF] Now listening on: http://localhost:5057
2024-11-03 22:44:40.083 +01:00 [INF] Application started. Press Ctrl+C to shut down.
2024-11-03 22:44:40.085 +01:00 [INF] Hosting environment: Development
2024-11-03 22:44:40.086 +01:00 [INF] Content root path: C:\Users\karia\ITPE3200\ShopMVC\MyShop\MyShop
2024-11-03 22:44:40.328 +01:00 [INF] Request starting HTTP/1.1 GET http://localhost:5057/ - null null
2024-11-03 22:44:40.363 +01:00 [INF] Executing endpoint 'MyShop.Controllers.HomeController.Index (MyShop)'
2024-11-03 22:44:40.370 +01:00 [INF] Route matched with {action = "Index", controller = "Home", page = "", area = ""}. Executing controller action with signature Microsoft.AspNetCore.Mvc.IActionResult Index() on controller MyShop.Controllers.HomeController (MyShop).
2024-11-03 22:44:40.376 +01:00 [INF] Executing ViewResult, running view Index.
2024-11-03 22:44:40.483 +01:00 [INF] Executed ViewResult - view Index executed in 106.7257ms.
2024-11-03 22:44:40.486 +01:00 [INF] Executed action MyShop.Controllers.HomeController.Index (MyShop) in 115.2301ms
2024-11-03 22:44:40.486 +01:00 [INF] Executed endpoint 'MyShop.Controllers.HomeController.Index (MyShop)'
2024-11-03 22:44:40.493 +01:00 [INF] Request finished HTTP/1.1 GET http://localhost:5057/ - 200 null text/html; charset=utf-8 166.1299ms
2024-11-03 22:44:40.506 +01:00 [INF] Request starting HTTP/1.1 GET http://localhost:5057/js/bootstrap.js - null null
2024-11-03 22:44:40.510 +01:00 [INF] Request starting HTTP/1.1 GET http://localhost:5057/js/jquery.min.js - null null
2024-11-03 22:44:40.515 +01:00 [INF] Request starting HTTP/1.1 GET http://localhost:5057/js/jquery.validate.js - null null
2024-11-03 22:44:40.518 +01:00 [INF] Request starting HTTP/1.1 GET http://localhost:5057/js/jquery.validate.unobtrusive.js - null null
2024-11-03 22:44:40.518 +01:00 [INF] Request starting HTTP/1.1 GET http://localhost:5057/images/pizza.jpg - null null
2024-11-03 22:44:40.520 +01:00 [INF] Request starting HTTP/1.1 GET http://localhost:5057/images/fishandchips.jpg - null null
2024-11-03 22:44:40.528 +01:00 [INF] Request finished HTTP/1.1 GET http://localhost:5057/js/jquery.min.js - 404 0 null 19.1163ms
2024-11-03 22:44:40.535 +01:00 [INF] Request reached the end of the middleware pipeline without being handled by application code. Request path: GET http://localhost:5057/js/jquery.min.js, Response status code: 404
2024-11-03 22:44:40.537 +01:00 [INF] The file /js/bootstrap.js was not modified
2024-11-03 22:44:40.537 +01:00 [INF] The file /js/jquery.validate.unobtrusive.js was not modified
2024-11-03 22:44:40.537 +01:00 [INF] The file /images/pizza.jpg was not modified
2024-11-03 22:44:40.537 +01:00 [INF] The file /js/jquery.validate.js was not modified
2024-11-03 22:44:40.537 +01:00 [INF] The file /images/fishandchips.jpg was not modified
2024-11-03 22:44:40.537 +01:00 [INF] Request finished HTTP/1.1 GET http://localhost:5057/images/fishandchips.jpg - 304 null image/jpeg 17.2538ms
2024-11-03 22:44:40.537 +01:00 [INF] Request finished HTTP/1.1 GET http://localhost:5057/js/bootstrap.js - 304 null text/javascript 31.5046ms
2024-11-03 22:44:40.537 +01:00 [INF] Request finished HTTP/1.1 GET http://localhost:5057/js/jquery.validate.js - 304 null text/javascript 22.2366ms
2024-11-03 22:44:40.537 +01:00 [INF] Request finished HTTP/1.1 GET http://localhost:5057/images/pizza.jpg - 304 null image/jpeg 19.2565ms
2024-11-03 22:44:40.537 +01:00 [INF] Request finished HTTP/1.1 GET http://localhost:5057/js/jquery.validate.unobtrusive.js - 304 null text/javascript 19.2665ms
2024-11-03 22:44:40.610 +01:00 [INF] Request starting HTTP/1.1 GET http://localhost:5057/images/tacos.jpg - null null
2024-11-03 22:44:40.611 +01:00 [INF] The file /images/tacos.jpg was not modified
2024-11-03 22:44:40.611 +01:00 [INF] Request finished HTTP/1.1 GET http://localhost:5057/images/tacos.jpg - 304 null image/jpeg 1.7898ms
2024-11-03 22:44:50.258 +01:00 [INF] Request starting HTTP/1.1 GET http://localhost:5057/Identity/Account/Register - null null
2024-11-03 22:44:50.264 +01:00 [INF] Executing endpoint '/Account/Register'
2024-11-03 22:44:50.308 +01:00 [INF] Route matched with {page = "/Account/Register", area = "Identity", action = "", controller = ""}. Executing page /Account/Register
2024-11-03 22:44:50.350 +01:00 [INF] Executing handler method MyShop.Areas.Identity.Pages.Account.RegisterModel.OnGetAsync - ModelState is "Valid"
2024-11-03 22:44:50.355 +01:00 [INF] Executed handler method OnGetAsync, returned result .
2024-11-03 22:44:50.361 +01:00 [INF] Executing an implicit handler method - ModelState is "Valid"
2024-11-03 22:44:50.362 +01:00 [INF] Executed an implicit handler method, returned result Microsoft.AspNetCore.Mvc.RazorPages.PageResult.
2024-11-03 22:44:50.472 +01:00 [INF] Executed page /Account/Register in 163.916ms
2024-11-03 22:44:50.473 +01:00 [INF] Executed endpoint '/Account/Register'
2024-11-03 22:44:50.473 +01:00 [INF] Request finished HTTP/1.1 GET http://localhost:5057/Identity/Account/Register - 200 null text/html; charset=utf-8 215.5087ms
2024-11-03 22:44:50.502 +01:00 [INF] Request starting HTTP/1.1 GET http://localhost:5057/js/jquery.min.js - null null
2024-11-03 22:44:50.502 +01:00 [INF] Request starting HTTP/1.1 GET http://localhost:5057/lib/jquery-validation/dist/jquery.validate.min.js - null null
2024-11-03 22:44:50.503 +01:00 [INF] Request starting HTTP/1.1 GET http://localhost:5057/lib/jquery-validation-unobtrusive/jquery.validate.unobtrusive.min.js - null null
2024-11-03 22:44:50.503 +01:00 [INF] Request finished HTTP/1.1 GET http://localhost:5057/js/jquery.min.js - 404 0 null 0.7878ms
2024-11-03 22:44:50.503 +01:00 [INF] Request finished HTTP/1.1 GET http://localhost:5057/lib/jquery-validation/dist/jquery.validate.min.js - 404 0 null 0.8647ms
2024-11-03 22:44:50.503 +01:00 [INF] Request reached the end of the middleware pipeline without being handled by application code. Request path: GET http://localhost:5057/js/jquery.min.js, Response status code: 404
2024-11-03 22:44:50.503 +01:00 [INF] Request reached the end of the middleware pipeline without being handled by application code. Request path: GET http://localhost:5057/lib/jquery-validation/dist/jquery.validate.min.js, Response status code: 404
2024-11-03 22:44:50.503 +01:00 [INF] Request finished HTTP/1.1 GET http://localhost:5057/lib/jquery-validation-unobtrusive/jquery.validate.unobtrusive.min.js - 404 0 null 0.5918ms
2024-11-03 22:44:50.503 +01:00 [INF] Request reached the end of the middleware pipeline without being handled by application code. Request path: GET http://localhost:5057/lib/jquery-validation-unobtrusive/jquery.validate.unobtrusive.min.js, Response status code: 404
2024-11-03 22:45:17.738 +01:00 [INF] Request starting HTTP/1.1 POST http://localhost:5057/Identity/Account/Register - application/x-www-form-urlencoded 277
2024-11-03 22:45:17.750 +01:00 [INF] Executing endpoint '/Account/Register'
2024-11-03 22:45:17.751 +01:00 [INF] Route matched with {page = "/Account/Register", area = "Identity", action = "", controller = ""}. Executing page /Account/Register
2024-11-03 22:45:17.850 +01:00 [INF] Executing handler method MyShop.Areas.Identity.Pages.Account.RegisterModel.OnPostAsync - ModelState is "Valid"
2024-11-03 22:45:18.718 +01:00 [INF] User created a new account with password.
2024-11-03 22:45:18.891 +01:00 [INF] AuthenticationScheme: Identity.Application signed in.
2024-11-03 22:45:18.892 +01:00 [INF] Executed handler method OnPostAsync, returned result Microsoft.AspNetCore.Mvc.LocalRedirectResult.
2024-11-03 22:45:18.894 +01:00 [INF] Executing LocalRedirectResult, redirecting to /.
2024-11-03 22:45:18.895 +01:00 [INF] Executed page /Account/Register in 1144.1928ms
2024-11-03 22:45:18.895 +01:00 [INF] Executed endpoint '/Account/Register'
2024-11-03 22:45:18.901 +01:00 [INF] Request finished HTTP/1.1 POST http://localhost:5057/Identity/Account/Register - 302 0 null 1163.445ms
2024-11-03 22:45:18.905 +01:00 [INF] Request starting HTTP/1.1 GET http://localhost:5057/ - null null
2024-11-03 22:45:18.916 +01:00 [INF] Executing endpoint 'MyShop.Controllers.HomeController.Index (MyShop)'
2024-11-03 22:45:18.916 +01:00 [INF] Route matched with {action = "Index", controller = "Home", page = "", area = ""}. Executing controller action with signature Microsoft.AspNetCore.Mvc.IActionResult Index() on controller MyShop.Controllers.HomeController (MyShop).
2024-11-03 22:45:18.918 +01:00 [INF] Executing ViewResult, running view Index.
2024-11-03 22:45:18.928 +01:00 [INF] Executed ViewResult - view Index executed in 10.7912ms.
2024-11-03 22:45:18.928 +01:00 [INF] Executed action MyShop.Controllers.HomeController.Index (MyShop) in 11.7437ms
2024-11-03 22:45:18.929 +01:00 [INF] Executed endpoint 'MyShop.Controllers.HomeController.Index (MyShop)'
2024-11-03 22:45:18.929 +01:00 [INF] Request finished HTTP/1.1 GET http://localhost:5057/ - 200 null text/html; charset=utf-8 24.2221ms
2024-11-03 22:45:18.991 +01:00 [INF] Request starting HTTP/1.1 GET http://localhost:5057/js/jquery.min.js - null null
2024-11-03 22:45:18.996 +01:00 [INF] Request finished HTTP/1.1 GET http://localhost:5057/js/jquery.min.js - 404 0 null 5.0213ms
2024-11-03 22:45:18.997 +01:00 [INF] Request reached the end of the middleware pipeline without being handled by application code. Request path: GET http://localhost:5057/js/jquery.min.js, Response status code: 404
