2024-10-30 00:34:33.195 +01:00 [INF] User profile is available. Using 'C:\Users\karia\AppData\Local\ASP.NET\DataProtection-Keys' as key repository and Windows DPAPI to encrypt keys at rest.
2024-10-30 00:34:33.285 +01:00 [INF] Now listening on: https://localhost:7022
2024-10-30 00:34:33.320 +01:00 [INF] Now listening on: http://localhost:5057
2024-10-30 00:34:33.326 +01:00 [INF] Application started. Press Ctrl+C to shut down.
2024-10-30 00:34:33.329 +01:00 [INF] Hosting environment: Development
2024-10-30 00:34:33.331 +01:00 [INF] Content root path: C:\Users\karia\ITPE3200\ShopMVC\MyShop\MyShop
2024-10-30 00:34:33.444 +01:00 [INF] Request starting HTTP/1.1 GET http://localhost:5057/ - null null
2024-10-30 00:34:33.461 +01:00 [INF] Executing endpoint 'MyShop.Controllers.HomeController.Index (MyShop)'
2024-10-30 00:34:33.469 +01:00 [INF] Route matched with {action = "Index", controller = "Home"}. Executing controller action with signature Microsoft.AspNetCore.Mvc.IActionResult Index() on controller MyShop.Controllers.HomeController (MyShop).
2024-10-30 00:34:33.475 +01:00 [INF] Executing ViewResult, running view Index.
2024-10-30 00:34:33.524 +01:00 [INF] Executed ViewResult - view Index executed in 49.5582ms.
2024-10-30 00:34:33.526 +01:00 [INF] Executed action MyShop.Controllers.HomeController.Index (MyShop) in 56.2251ms
2024-10-30 00:34:33.526 +01:00 [INF] Executed endpoint 'MyShop.Controllers.HomeController.Index (MyShop)'
2024-10-30 00:34:33.529 +01:00 [INF] Request finished HTTP/1.1 GET http://localhost:5057/ - 200 null text/html; charset=utf-8 86.823ms
2024-10-30 00:34:33.541 +01:00 [INF] Request starting HTTP/1.1 GET http://localhost:5057/js/jquery.min.js - null null
2024-10-30 00:34:33.546 +01:00 [INF] Request finished HTTP/1.1 GET http://localhost:5057/js/jquery.min.js - 404 0 null 4.9209ms
2024-10-30 00:34:33.547 +01:00 [INF] Request reached the end of the middleware pipeline without being handled by application code. Request path: GET http://localhost:5057/js/jquery.min.js, Response status code: 404
2024-10-30 00:34:38.173 +01:00 [INF] Request starting HTTP/1.1 GET http://localhost:5057/ - null null
2024-10-30 00:34:38.175 +01:00 [INF] Executing endpoint 'MyShop.Controllers.HomeController.Index (MyShop)'
2024-10-30 00:34:38.176 +01:00 [INF] Route matched with {action = "Index", controller = "Home"}. Executing controller action with signature Microsoft.AspNetCore.Mvc.IActionResult Index() on controller MyShop.Controllers.HomeController (MyShop).
2024-10-30 00:34:38.177 +01:00 [INF] Executing ViewResult, running view Index.
2024-10-30 00:34:38.182 +01:00 [INF] Executed ViewResult - view Index executed in 5.066ms.
2024-10-30 00:34:38.182 +01:00 [INF] Executed action MyShop.Controllers.HomeController.Index (MyShop) in 5.7157ms
2024-10-30 00:34:38.182 +01:00 [INF] Executed endpoint 'MyShop.Controllers.HomeController.Index (MyShop)'
2024-10-30 00:34:38.182 +01:00 [INF] Request finished HTTP/1.1 GET http://localhost:5057/ - 200 null text/html; charset=utf-8 9.2771ms
2024-10-30 00:34:38.204 +01:00 [INF] Request starting HTTP/1.1 GET http://localhost:5057/js/jquery.min.js - null null
2024-10-30 00:34:38.207 +01:00 [INF] Request finished HTTP/1.1 GET http://localhost:5057/js/jquery.min.js - 404 0 null 2.648ms
2024-10-30 00:34:38.207 +01:00 [INF] Request reached the end of the middleware pipeline without being handled by application code. Request path: GET http://localhost:5057/js/jquery.min.js, Response status code: 404
2024-10-30 00:34:40.427 +01:00 [INF] Request starting HTTP/1.1 GET http://localhost:5057/Item/Table - null null
2024-10-30 00:34:40.428 +01:00 [INF] Executing endpoint 'MyShop.Controllers.ItemController.Table (MyShop)'
2024-10-30 00:34:40.438 +01:00 [INF] Route matched with {action = "Table", controller = "Item"}. Executing controller action with signature System.Threading.Tasks.Task`1[Microsoft.AspNetCore.Mvc.IActionResult] Table() on controller MyShop.Controllers.ItemController (MyShop).
2024-10-30 00:34:40.492 +01:00 [INF] This is an information message.
2024-10-30 00:34:40.507 +01:00 [WRN] This is a warning message
2024-10-30 00:34:40.514 +01:00 [ERR] This is an error message.
2024-10-30 00:34:40.605 +01:00 [INF] Executing ViewResult, running view Table.
2024-10-30 00:34:40.627 +01:00 [INF] Executed ViewResult - view Table executed in 23.5177ms.
2024-10-30 00:34:40.627 +01:00 [INF] Executed action MyShop.Controllers.ItemController.Table (MyShop) in 188.6404ms
2024-10-30 00:34:40.627 +01:00 [INF] Executed endpoint 'MyShop.Controllers.ItemController.Table (MyShop)'
2024-10-30 00:34:40.634 +01:00 [INF] Request finished HTTP/1.1 GET http://localhost:5057/Item/Table - 200 null text/html; charset=utf-8 209.4442ms
2024-10-30 00:34:40.669 +01:00 [INF] Request starting HTTP/1.1 GET http://localhost:5057/js/jquery.min.js - null null
2024-10-30 00:34:40.669 +01:00 [INF] Request starting HTTP/1.1 GET http://localhost:5057/images/chickenleg.jpg - null null
2024-10-30 00:34:40.671 +01:00 [INF] Request starting HTTP/1.1 GET http://localhost:5057/images/frenchfries.jpg - null null
2024-10-30 00:34:40.671 +01:00 [INF] Request finished HTTP/1.1 GET http://localhost:5057/js/jquery.min.js - 404 0 null 2.1735ms
2024-10-30 00:34:40.671 +01:00 [INF] Request reached the end of the middleware pipeline without being handled by application code. Request path: GET http://localhost:5057/js/jquery.min.js, Response status code: 404
2024-10-30 00:34:40.678 +01:00 [INF] The file /images/frenchfries.jpg was not modified
2024-10-30 00:34:40.678 +01:00 [INF] The file /images/chickenleg.jpg was not modified
2024-10-30 00:34:40.679 +01:00 [INF] Request finished HTTP/1.1 GET http://localhost:5057/images/frenchfries.jpg - 304 null image/jpeg 8.2818ms
2024-10-30 00:34:40.679 +01:00 [INF] Request finished HTTP/1.1 GET http://localhost:5057/images/chickenleg.jpg - 304 null image/jpeg 10.0078ms
2024-10-30 00:34:40.707 +01:00 [INF] Request starting HTTP/1.1 GET http://localhost:5057/images/ribs.jpg - null null
2024-10-30 00:34:40.708 +01:00 [INF] The file /images/ribs.jpg was not modified
2024-10-30 00:34:40.709 +01:00 [INF] Request finished HTTP/1.1 GET http://localhost:5057/images/ribs.jpg - 304 null image/jpeg 2.1953ms
2024-10-30 00:34:40.710 +01:00 [INF] Request starting HTTP/1.1 GET http://localhost:5057/images/cider.jpg - null null
2024-10-30 00:34:40.710 +01:00 [INF] The file /images/cider.jpg was not modified
2024-10-30 00:34:40.710 +01:00 [INF] Request finished HTTP/1.1 GET http://localhost:5057/images/cider.jpg - 304 null image/jpeg 0.643ms
2024-10-30 00:34:40.713 +01:00 [INF] Request starting HTTP/1.1 GET http://localhost:5057/images/coke.jpg - null null
2024-10-30 00:34:40.713 +01:00 [INF] The file /images/coke.jpg was not modified
2024-10-30 00:34:40.713 +01:00 [INF] Request finished HTTP/1.1 GET http://localhost:5057/images/coke.jpg - 304 null image/jpeg 0.6555ms
