2024-10-31 15:13:26.413 +01:00 [INF] User profile is available. Using 'C:\Users\karia\AppData\Local\ASP.NET\DataProtection-Keys' as key repository and Windows DPAPI to encrypt keys at rest.
2024-10-31 15:13:26.510 +01:00 [INF] Now listening on: http://localhost:5057
2024-10-31 15:13:26.513 +01:00 [INF] Application started. Press Ctrl+C to shut down.
2024-10-31 15:13:26.513 +01:00 [INF] Hosting environment: Development
2024-10-31 15:13:26.514 +01:00 [INF] Content root path: C:\Users\karia\ITPE3200\ShopMVC\MyShop\MyShop
2024-10-31 15:13:36.530 +01:00 [INF] Request starting HTTP/1.1 GET http://localhost:5057/ - null null
2024-10-31 15:13:36.554 +01:00 [INF] Executing endpoint 'MyShop.Controllers.HomeController.Index (MyShop)'
2024-10-31 15:13:36.560 +01:00 [INF] Route matched with {action = "Index", controller = "Home", page = "", area = ""}. Executing controller action with signature Microsoft.AspNetCore.Mvc.IActionResult Index() on controller MyShop.Controllers.HomeController (MyShop).
2024-10-31 15:13:36.564 +01:00 [INF] Executing ViewResult, running view Index.
2024-10-31 15:13:36.627 +01:00 [INF] Executed ViewResult - view Index executed in 63.5296ms.
2024-10-31 15:13:36.628 +01:00 [INF] Executed action MyShop.Controllers.HomeController.Index (MyShop) in 67.8325ms
2024-10-31 15:13:36.628 +01:00 [INF] Executed endpoint 'MyShop.Controllers.HomeController.Index (MyShop)'
2024-10-31 15:13:36.633 +01:00 [INF] Request finished HTTP/1.1 GET http://localhost:5057/ - 200 null text/html; charset=utf-8 104.5743ms
2024-10-31 15:13:36.643 +01:00 [INF] Request starting HTTP/1.1 GET http://localhost:5057/js/jquery.min.js - null null
2024-10-31 15:13:36.646 +01:00 [INF] Request finished HTTP/1.1 GET http://localhost:5057/js/jquery.min.js - 404 0 null 3.4337ms
2024-10-31 15:13:36.647 +01:00 [INF] Request reached the end of the middleware pipeline without being handled by application code. Request path: GET http://localhost:5057/js/jquery.min.js, Response status code: 404
2024-10-31 15:13:38.790 +01:00 [INF] Request starting HTTP/1.1 GET http://localhost:5057/Item/Table - null null
2024-10-31 15:13:38.792 +01:00 [INF] Executing endpoint 'MyShop.Controllers.ItemController.Table (MyShop)'
2024-10-31 15:13:38.795 +01:00 [INF] Route matched with {action = "Table", controller = "Item", page = "", area = ""}. Executing controller action with signature System.Threading.Tasks.Task`1[Microsoft.AspNetCore.Mvc.IActionResult] Table() on controller MyShop.Controllers.ItemController (MyShop).
2024-10-31 15:13:38.848 +01:00 [INF] Executing ViewResult, running view Table.
2024-10-31 15:13:38.859 +01:00 [INF] Executed ViewResult - view Table executed in 11.2548ms.
2024-10-31 15:13:38.859 +01:00 [INF] Executed action MyShop.Controllers.ItemController.Table (MyShop) in 64.1249ms
2024-10-31 15:13:38.859 +01:00 [INF] Executed endpoint 'MyShop.Controllers.ItemController.Table (MyShop)'
2024-10-31 15:13:38.860 +01:00 [INF] Request finished HTTP/1.1 GET http://localhost:5057/Item/Table - 200 null text/html; charset=utf-8 70.6408ms
2024-10-31 15:13:38.880 +01:00 [INF] Request starting HTTP/1.1 GET http://localhost:5057/js/jquery.min.js - null null
2024-10-31 15:13:38.881 +01:00 [INF] Request finished HTTP/1.1 GET http://localhost:5057/js/jquery.min.js - 404 0 null 1.6219ms
2024-10-31 15:13:38.881 +01:00 [INF] Request reached the end of the middleware pipeline without being handled by application code. Request path: GET http://localhost:5057/js/jquery.min.js, Response status code: 404
2024-10-31 15:13:42.037 +01:00 [INF] Request starting HTTP/1.1 GET http://localhost:5057/Item/Update/1 - null null
2024-10-31 15:13:42.038 +01:00 [INF] Executing endpoint 'MyShop.Controllers.ItemController.Update (MyShop)'
2024-10-31 15:13:42.043 +01:00 [INF] Route matched with {action = "Update", controller = "Item", page = "", area = ""}. Executing controller action with signature System.Threading.Tasks.Task`1[Microsoft.AspNetCore.Mvc.IActionResult] Update(Int32) on controller MyShop.Controllers.ItemController (MyShop).
2024-10-31 15:13:42.063 +01:00 [INF] Executing ViewResult, running view Update.
2024-10-31 15:13:42.092 +01:00 [INF] Executed ViewResult - view Update executed in 30.3861ms.
2024-10-31 15:13:42.092 +01:00 [INF] Executed action MyShop.Controllers.ItemController.Update (MyShop) in 49.1366ms
2024-10-31 15:13:42.092 +01:00 [INF] Executed endpoint 'MyShop.Controllers.ItemController.Update (MyShop)'
2024-10-31 15:13:42.093 +01:00 [INF] Request finished HTTP/1.1 GET http://localhost:5057/Item/Update/1 - 200 null text/html; charset=utf-8 55.2146ms
2024-10-31 15:13:42.109 +01:00 [INF] Request starting HTTP/1.1 GET http://localhost:5057/js/jquery.min.js - null null
2024-10-31 15:13:42.110 +01:00 [INF] Request finished HTTP/1.1 GET http://localhost:5057/js/jquery.min.js - 404 0 null 0.6211ms
2024-10-31 15:13:42.111 +01:00 [INF] Request reached the end of the middleware pipeline without being handled by application code. Request path: GET http://localhost:5057/js/jquery.min.js, Response status code: 404
2024-10-31 15:13:43.632 +01:00 [INF] Request starting HTTP/1.1 POST http://localhost:5057/Item/Update/1 - application/x-www-form-urlencoded 361
2024-10-31 15:13:43.632 +01:00 [INF] Executing endpoint 'MyShop.Controllers.ItemController.Update (MyShop)'
2024-10-31 15:13:43.640 +01:00 [INF] Route matched with {action = "Update", controller = "Item", page = "", area = ""}. Executing controller action with signature System.Threading.Tasks.Task`1[Microsoft.AspNetCore.Mvc.IActionResult] Update(MyShop.Models.Item) on controller MyShop.Controllers.ItemController (MyShop).
2024-10-31 15:13:43.662 +01:00 [INF] Executing RedirectResult, redirecting to /Item/Table.
2024-10-31 15:13:43.663 +01:00 [INF] Executed action MyShop.Controllers.ItemController.Update (MyShop) in 22.3722ms
2024-10-31 15:13:43.663 +01:00 [INF] Executed endpoint 'MyShop.Controllers.ItemController.Update (MyShop)'
2024-10-31 15:13:43.663 +01:00 [INF] Request finished HTTP/1.1 POST http://localhost:5057/Item/Update/1 - 302 0 null 31.0405ms
2024-10-31 15:13:43.667 +01:00 [INF] Request starting HTTP/1.1 GET http://localhost:5057/Item/Table - null null
2024-10-31 15:13:43.667 +01:00 [INF] Executing endpoint 'MyShop.Controllers.ItemController.Table (MyShop)'
2024-10-31 15:13:43.668 +01:00 [INF] Route matched with {action = "Table", controller = "Item", page = "", area = ""}. Executing controller action with signature System.Threading.Tasks.Task`1[Microsoft.AspNetCore.Mvc.IActionResult] Table() on controller MyShop.Controllers.ItemController (MyShop).
2024-10-31 15:13:43.670 +01:00 [INF] Executing ViewResult, running view Table.
2024-10-31 15:13:43.672 +01:00 [INF] Executed ViewResult - view Table executed in 2.0165ms.
2024-10-31 15:13:43.672 +01:00 [INF] Executed action MyShop.Controllers.ItemController.Table (MyShop) in 4.2692ms
2024-10-31 15:13:43.672 +01:00 [INF] Executed endpoint 'MyShop.Controllers.ItemController.Table (MyShop)'
2024-10-31 15:13:43.672 +01:00 [INF] Request finished HTTP/1.1 GET http://localhost:5057/Item/Table - 200 null text/html; charset=utf-8 4.8889ms
2024-10-31 15:13:43.730 +01:00 [INF] Request starting HTTP/1.1 GET http://localhost:5057/js/jquery.min.js - null null
2024-10-31 15:13:43.730 +01:00 [INF] Request finished HTTP/1.1 GET http://localhost:5057/js/jquery.min.js - 404 0 null 0.5211ms
2024-10-31 15:13:43.730 +01:00 [INF] Request reached the end of the middleware pipeline without being handled by application code. Request path: GET http://localhost:5057/js/jquery.min.js, Response status code: 404
2024-10-31 15:14:22.028 +01:00 [INF] Application is shutting down...
