2024-10-31 15:08:10.105 +01:00 [INF] User profile is available. Using 'C:\Users\karia\AppData\Local\ASP.NET\DataProtection-Keys' as key repository and Windows DPAPI to encrypt keys at rest.
2024-10-31 15:08:10.540 +01:00 [INF] Now listening on: https://localhost:7022
2024-10-31 15:08:10.543 +01:00 [INF] Now listening on: http://localhost:5057
2024-10-31 15:08:10.547 +01:00 [INF] Application started. Press Ctrl+C to shut down.
2024-10-31 15:08:10.549 +01:00 [INF] Hosting environment: Development
2024-10-31 15:08:10.553 +01:00 [INF] Content root path: C:\Users\karia\ITPE3200\ShopMVC\MyShop\MyShop
2024-10-31 15:08:10.804 +01:00 [INF] Request starting HTTP/1.1 GET http://localhost:5057/ - null null
2024-10-31 15:08:10.884 +01:00 [INF] Identity.Application was not authenticated. Failure message: Unprotect ticket failed
2024-10-31 15:08:10.887 +01:00 [INF] Executing endpoint 'MyShop.Controllers.HomeController.Index (MyShop)'
2024-10-31 15:08:10.899 +01:00 [INF] Route matched with {action = "Index", controller = "Home", page = "", area = ""}. Executing controller action with signature Microsoft.AspNetCore.Mvc.IActionResult Index() on controller MyShop.Controllers.HomeController (MyShop).
2024-10-31 15:08:10.906 +01:00 [INF] Executing ViewResult, running view Index.
2024-10-31 15:08:11.034 +01:00 [INF] Executed ViewResult - view Index executed in 129.3748ms.
2024-10-31 15:08:11.035 +01:00 [INF] Executed action MyShop.Controllers.HomeController.Index (MyShop) in 136.1375ms
2024-10-31 15:08:11.036 +01:00 [INF] Executed endpoint 'MyShop.Controllers.HomeController.Index (MyShop)'
2024-10-31 15:08:11.040 +01:00 [INF] Request finished HTTP/1.1 GET http://localhost:5057/ - 200 null text/html; charset=utf-8 238.3393ms
2024-10-31 15:08:11.057 +01:00 [INF] Request starting HTTP/1.1 GET http://localhost:5057/js/bootstrap.js - null null
2024-10-31 15:08:11.057 +01:00 [INF] Request starting HTTP/1.1 GET http://localhost:5057/js/jquery.validate.js - null null
2024-10-31 15:08:11.057 +01:00 [INF] Request starting HTTP/1.1 GET http://localhost:5057/js/jquery.min.js - null null
2024-10-31 15:08:11.091 +01:00 [INF] Request starting HTTP/1.1 GET http://localhost:5057/js/jquery.validate.unobtrusive.js - null null
2024-10-31 15:08:11.091 +01:00 [INF] Request starting HTTP/1.1 GET http://localhost:5057/images/pizza.jpg - null null
2024-10-31 15:08:11.095 +01:00 [INF] Request starting HTTP/1.1 GET http://localhost:5057/images/fishandchips.jpg - null null
2024-10-31 15:08:11.115 +01:00 [INF] Identity.Application was not authenticated. Failure message: Unprotect ticket failed
2024-10-31 15:08:11.117 +01:00 [INF] Request finished HTTP/1.1 GET http://localhost:5057/js/jquery.min.js - 404 0 null 66.9679ms
2024-10-31 15:08:11.119 +01:00 [INF] Request reached the end of the middleware pipeline without being handled by application code. Request path: GET http://localhost:5057/js/jquery.min.js, Response status code: 404
2024-10-31 15:08:11.120 +01:00 [INF] The file /images/pizza.jpg was not modified
2024-10-31 15:08:11.120 +01:00 [INF] The file /js/bootstrap.js was not modified
2024-10-31 15:08:11.120 +01:00 [INF] Request finished HTTP/1.1 GET http://localhost:5057/images/pizza.jpg - 304 null image/jpeg 70.6119ms
2024-10-31 15:08:11.120 +01:00 [INF] Request finished HTTP/1.1 GET http://localhost:5057/js/bootstrap.js - 304 null text/javascript 70.6357ms
2024-10-31 15:08:11.120 +01:00 [INF] The file /images/fishandchips.jpg was not modified
2024-10-31 15:08:11.121 +01:00 [INF] Request finished HTTP/1.1 GET http://localhost:5057/images/fishandchips.jpg - 304 null image/jpeg 26.6475ms
2024-10-31 15:08:11.131 +01:00 [INF] Sending file. Request path: '/js/jquery.validate.unobtrusive.js'. Physical path: 'C:\Users\karia\ITPE3200\ShopMVC\MyShop\MyShop\wwwroot\js\jquery.validate.unobtrusive.js'
2024-10-31 15:08:11.131 +01:00 [INF] Sending file. Request path: '/js/jquery.validate.js'. Physical path: 'C:\Users\karia\ITPE3200\ShopMVC\MyShop\MyShop\wwwroot\js\jquery.validate.js'
2024-10-31 15:08:11.131 +01:00 [INF] Request finished HTTP/1.1 GET http://localhost:5057/js/jquery.validate.unobtrusive.js - 200 19820 text/javascript 81.7872ms
2024-10-31 15:08:11.131 +01:00 [INF] Request finished HTTP/1.1 GET http://localhost:5057/js/jquery.validate.js - 200 52536 text/javascript 74.3016ms
2024-10-31 15:08:11.315 +01:00 [INF] Request starting HTTP/1.1 GET http://localhost:5057/images/tacos.jpg - null null
2024-10-31 15:08:11.316 +01:00 [INF] The file /images/tacos.jpg was not modified
2024-10-31 15:08:11.317 +01:00 [INF] Request finished HTTP/1.1 GET http://localhost:5057/images/tacos.jpg - 304 null image/jpeg 2.2113ms
2024-10-31 15:08:11.686 +01:00 [INF] Request starting HTTP/1.1 GET http://localhost:5057/favicon.ico - null null
2024-10-31 15:08:11.689 +01:00 [INF] Identity.Application was not authenticated. Failure message: Unprotect ticket failed
2024-10-31 15:08:11.689 +01:00 [INF] Request finished HTTP/1.1 GET http://localhost:5057/favicon.ico - 404 0 null 3.7257ms
2024-10-31 15:08:11.690 +01:00 [INF] Request reached the end of the middleware pipeline without being handled by application code. Request path: GET http://localhost:5057/favicon.ico, Response status code: 404
2024-10-31 15:08:31.454 +01:00 [INF] Request starting HTTP/1.1 GET http://localhost:5057/Identity/Account/Register - null null
2024-10-31 15:08:31.455 +01:00 [INF] Identity.Application was not authenticated. Failure message: Unprotect ticket failed
2024-10-31 15:08:31.456 +01:00 [INF] Executing endpoint '/Account/Register'
2024-10-31 15:08:31.469 +01:00 [INF] Route matched with {page = "/Account/Register", area = "Identity", action = "", controller = ""}. Executing page /Account/Register
2024-10-31 15:08:31.525 +01:00 [INF] Executing handler method MyShop.Areas.Identity.Pages.Account.RegisterModel.OnGetAsync - ModelState is "Valid"
2024-10-31 15:08:31.526 +01:00 [INF] Executed handler method OnGetAsync, returned result .
2024-10-31 15:08:31.528 +01:00 [INF] Executing an implicit handler method - ModelState is "Valid"
2024-10-31 15:08:31.528 +01:00 [INF] Executed an implicit handler method, returned result Microsoft.AspNetCore.Mvc.RazorPages.PageResult.
2024-10-31 15:08:31.558 +01:00 [INF] Executed page /Account/Register in 88.744ms
2024-10-31 15:08:31.558 +01:00 [INF] Executed endpoint '/Account/Register'
2024-10-31 15:08:31.558 +01:00 [INF] Request finished HTTP/1.1 GET http://localhost:5057/Identity/Account/Register - 200 null text/html; charset=utf-8 104.3189ms
2024-10-31 15:08:31.586 +01:00 [INF] Request starting HTTP/1.1 GET http://localhost:5057/lib/jquery-validation/dist/jquery.validate.min.js - null null
2024-10-31 15:08:31.587 +01:00 [INF] Request starting HTTP/1.1 GET http://localhost:5057/lib/jquery-validation-unobtrusive/jquery.validate.unobtrusive.min.js - null null
2024-10-31 15:08:31.587 +01:00 [INF] Request starting HTTP/1.1 GET http://localhost:5057/js/jquery.min.js - null null
2024-10-31 15:08:31.591 +01:00 [INF] Identity.Application was not authenticated. Failure message: Unprotect ticket failed
2024-10-31 15:08:31.591 +01:00 [INF] Identity.Application was not authenticated. Failure message: Unprotect ticket failed
2024-10-31 15:08:31.591 +01:00 [INF] Request finished HTTP/1.1 GET http://localhost:5057/js/jquery.min.js - 404 0 null 4.446ms
2024-10-31 15:08:31.591 +01:00 [INF] Request finished HTTP/1.1 GET http://localhost:5057/lib/jquery-validation/dist/jquery.validate.min.js - 404 0 null 5.05ms
2024-10-31 15:08:31.592 +01:00 [INF] Identity.Application was not authenticated. Failure message: Unprotect ticket failed
2024-10-31 15:08:31.592 +01:00 [INF] Request reached the end of the middleware pipeline without being handled by application code. Request path: GET http://localhost:5057/js/jquery.min.js, Response status code: 404
2024-10-31 15:08:31.592 +01:00 [INF] Request reached the end of the middleware pipeline without being handled by application code. Request path: GET http://localhost:5057/lib/jquery-validation/dist/jquery.validate.min.js, Response status code: 404
2024-10-31 15:08:31.593 +01:00 [INF] Request finished HTTP/1.1 GET http://localhost:5057/lib/jquery-validation-unobtrusive/jquery.validate.unobtrusive.min.js - 404 0 null 5.9428ms
2024-10-31 15:08:31.593 +01:00 [INF] Request reached the end of the middleware pipeline without being handled by application code. Request path: GET http://localhost:5057/lib/jquery-validation-unobtrusive/jquery.validate.unobtrusive.min.js, Response status code: 404
2024-10-31 15:08:38.625 +01:00 [INF] Request starting HTTP/1.1 POST http://localhost:5057/Identity/Account/Register - application/x-www-form-urlencoded 285
2024-10-31 15:08:38.628 +01:00 [INF] Identity.Application was not authenticated. Failure message: Unprotect ticket failed
2024-10-31 15:08:38.628 +01:00 [INF] Executing endpoint '/Account/Register'
2024-10-31 15:08:38.628 +01:00 [INF] Route matched with {page = "/Account/Register", area = "Identity", action = "", controller = ""}. Executing page /Account/Register
2024-10-31 15:08:38.652 +01:00 [INF] Executing handler method MyShop.Areas.Identity.Pages.Account.RegisterModel.OnPostAsync - ModelState is "Valid"
2024-10-31 15:08:38.963 +01:00 [INF] User created a new account with password.
2024-10-31 15:08:39.046 +01:00 [INF] AuthenticationScheme: Identity.Application signed in.
2024-10-31 15:08:39.047 +01:00 [INF] Executed handler method OnPostAsync, returned result Microsoft.AspNetCore.Mvc.LocalRedirectResult.
2024-10-31 15:08:39.048 +01:00 [INF] Executing LocalRedirectResult, redirecting to /.
2024-10-31 15:08:39.048 +01:00 [INF] Executed page /Account/Register in 419.5514ms
2024-10-31 15:08:39.048 +01:00 [INF] Executed endpoint '/Account/Register'
2024-10-31 15:08:39.048 +01:00 [INF] Request finished HTTP/1.1 POST http://localhost:5057/Identity/Account/Register - 302 0 null 422.7766ms
2024-10-31 15:08:39.052 +01:00 [INF] Request starting HTTP/1.1 GET http://localhost:5057/ - null null
2024-10-31 15:08:39.061 +01:00 [INF] Executing endpoint 'MyShop.Controllers.HomeController.Index (MyShop)'
2024-10-31 15:08:39.061 +01:00 [INF] Route matched with {action = "Index", controller = "Home", page = "", area = ""}. Executing controller action with signature Microsoft.AspNetCore.Mvc.IActionResult Index() on controller MyShop.Controllers.HomeController (MyShop).
2024-10-31 15:08:39.062 +01:00 [INF] Executing ViewResult, running view Index.
2024-10-31 15:08:39.064 +01:00 [INF] Executed ViewResult - view Index executed in 2.5335ms.
2024-10-31 15:08:39.064 +01:00 [INF] Executed action MyShop.Controllers.HomeController.Index (MyShop) in 2.7636ms
2024-10-31 15:08:39.064 +01:00 [INF] Executed endpoint 'MyShop.Controllers.HomeController.Index (MyShop)'
2024-10-31 15:08:39.064 +01:00 [INF] Request finished HTTP/1.1 GET http://localhost:5057/ - 200 null text/html; charset=utf-8 12.3422ms
2024-10-31 15:08:39.099 +01:00 [INF] Request starting HTTP/1.1 GET http://localhost:5057/js/jquery.min.js - null null
2024-10-31 15:08:39.109 +01:00 [INF] Request finished HTTP/1.1 GET http://localhost:5057/js/jquery.min.js - 404 0 null 9.2638ms
2024-10-31 15:08:39.109 +01:00 [INF] Request reached the end of the middleware pipeline without being handled by application code. Request path: GET http://localhost:5057/js/jquery.min.js, Response status code: 404
